Using pre-set license
Built from '2021.3/staging' branch; Version is '2021.3.22f1 (b6c551784ba3) revision 11978065'; Using compiler version '192829333'; Build Type 'Release'
OS: 'Windows 10  (10.0.19045) 64bit Core' Language: 'de' Physical Memory: 16315 MB
BatchMode: 1, IsHumanControllingUs: 0, StartBugReporterOnCrash: 0, Is64bit: 1, IsPro: 1

COMMAND LINE ARGUMENTS:
C:\Program Files\Unity\Hub\Editor\2021.3.22f1\Editor\Unity.exe
-adb2
-batchMode
-noUpm
-name
AssetImportWorker0
-projectPath
L:/UnityProjects/PhotoCalc
-logFile
Logs/AssetImportWorker0.log
-srvPort
59143
Successfully changed project path to: L:/UnityProjects/PhotoCalc
L:/UnityProjects/PhotoCalc
[UnityMemory] Configuration Parameters - Can be set up in boot.config
    "memorysetup-bucket-allocator-granularity=16"
    "memorysetup-bucket-allocator-bucket-count=8"
    "memorysetup-bucket-allocator-block-size=33554432"
    "memorysetup-bucket-allocator-block-count=8"
    "memorysetup-main-allocator-block-size=16777216"
    "memorysetup-thread-allocator-block-size=16777216"
    "memorysetup-gfx-main-allocator-block-size=16777216"
    "memorysetup-gfx-thread-allocator-block-size=16777216"
    "memorysetup-cache-allocator-block-size=4194304"
    "memorysetup-typetree-allocator-block-size=2097152"
    "memorysetup-profiler-bucket-allocator-granularity=16"
    "memorysetup-profiler-bucket-allocator-bucket-count=8"
    "memorysetup-profiler-bucket-allocator-block-size=33554432"
    "memorysetup-profiler-bucket-allocator-block-count=8"
    "memorysetup-profiler-allocator-block-size=16777216"
    "memorysetup-profiler-editor-allocator-block-size=1048576"
    "memorysetup-temp-allocator-size-main=16777216"
    "memorysetup-job-temp-allocator-block-size=2097152"
    "memorysetup-job-temp-allocator-block-size-background=1048576"
    "memorysetup-job-temp-allocator-reduction-small-platforms=262144"
    "memorysetup-temp-allocator-size-background-worker=32768"
    "memorysetup-temp-allocator-size-job-worker=262144"
    "memorysetup-temp-allocator-size-preload-manager=33554432"
    "memorysetup-temp-allocator-size-nav-mesh-worker=65536"
    "memorysetup-temp-allocator-size-audio-worker=65536"
    "memorysetup-temp-allocator-size-cloud-worker=32768"
    "memorysetup-temp-allocator-size-gi-baking-worker=262144"
    "memorysetup-temp-allocator-size-gfx=262144"
Player connection [34932] Host "[IP] 192.168.2.102 [Port] 0 [Flags] 2 [Guid] 2040403032 [EditorId] 2040403032 [Version] 1048832 [Id] WindowsEditor(7,Gehilfe) [Debug] 1 [PackageName] WindowsEditor [ProjectName] Editor" joined multi-casting on [225.0.0.222:54997]...

Player connection [34932] Host "[IP] 192.168.2.102 [Port] 0 [Flags] 2 [Guid] 2040403032 [EditorId] 2040403032 [Version] 1048832 [Id] WindowsEditor(7,Gehilfe) [Debug] 1 [PackageName] WindowsEditor [ProjectName] Editor" joined alternative multi-casting on [225.0.0.222:34997]...

Refreshing native plugins compatible for Editor in 118.98 ms, found 4 plugins.
Preloading 0 native plugins for Editor in 0.00 ms.
Initialize engine version: 2021.3.22f1 (b6c551784ba3)
[Subsystems] Discovering subsystems at path C:/Program Files/Unity/Hub/Editor/2021.3.22f1/Editor/Data/Resources/UnitySubsystems
[Subsystems] Discovering subsystems at path L:/UnityProjects/PhotoCalc/Assets
GfxDevice: creating device client; threaded=0; jobified=0
Direct3D:
    Version:  Direct3D 11.0 [level 11.1]
    Renderer: AMD Radeon RX 6700 XT (ID=0x73df)
    Vendor:   ATI
    VRAM:     12243 MB
    Driver:   31.0.21031.1005
Initialize mono
Mono path[0] = 'C:/Program Files/Unity/Hub/Editor/2021.3.22f1/Editor/Data/Managed'
Mono path[1] = 'C:/Program Files/Unity/Hub/Editor/2021.3.22f1/Editor/Data/MonoBleedingEdge/lib/mono/unityjit-win32'
Mono config path = 'C:/Program Files/Unity/Hub/Editor/2021.3.22f1/Editor/Data/MonoBleedingEdge/etc'
Using monoOptions --debugger-agent=transport=dt_socket,embedding=1,server=y,suspend=n,address=127.0.0.1:56660
Begin MonoManager ReloadAssembly
Registering precompiled unity dll's ...
Register platform support module: C:/Program Files/Unity/Hub/Editor/2021.3.22f1/Editor/Data/PlaybackEngines/AndroidPlayer/UnityEditor.Android.Extensions.dll
Register platform support module: C:/Program Files/Unity/Hub/Editor/2021.3.22f1/Editor/Data/PlaybackEngines/WindowsStandaloneSupport/UnityEditor.WindowsStandalone.Extensions.dll
Register platform support module: C:/Program Files/Unity/Hub/Editor/2021.3.22f1/Editor/Data/PlaybackEngines/LinuxStandaloneSupport/UnityEditor.LinuxStandalone.Extensions.dll
Register platform support module: C:/Program Files/Unity/Hub/Editor/2021.3.22f1/Editor/Data/PlaybackEngines/MetroSupport/UnityEditor.UWP.Extensions.dll
Registered in 0.008271 seconds.
Native extension for UWP target not found
Native extension for LinuxStandalone target not found
Native extension for WindowsStandalone target not found
Native extension for Android target not found
Android Extension - Scanning For ADB Devices 319 ms
Refreshing native plugins compatible for Editor in 113.27 ms, found 4 plugins.
Preloading 0 native plugins for Editor in 0.00 ms.
Mono: successfully reloaded assembly
- Completed reload, in  1.217 seconds
Domain Reload Profiling:
	ReloadAssembly (1218ms)
		BeginReloadAssembly (111ms)
			ExecutionOrderSort (0ms)
			DisableScriptedObjects (0ms)
			BackupInstance (0ms)
			ReleaseScriptingObjects (0ms)
			CreateAndSetChildDomain (2ms)
		EndReloadAssembly (989ms)
			LoadAssemblies (109ms)
			RebuildTransferFunctionScriptingTraits (0ms)
			SetupTypeCache (96ms)
			ReleaseScriptCaches (0ms)
			RebuildScriptCaches (24ms)
			SetupLoadedEditorAssemblies (788ms)
				LogAssemblyErrors (0ms)
				InitializePlatformSupportModulesInManaged (458ms)
				SetLoadedEditorAssemblies (1ms)
				RefreshPlugins (113ms)
				BeforeProcessingInitializeOnLoad (2ms)
				ProcessInitializeOnLoadAttributes (147ms)
				ProcessInitializeOnLoadMethodAttributes (67ms)
				AfterProcessingInitializeOnLoad (0ms)
				EditorAssembliesLoaded (0ms)
			ExecutionOrderSort2 (0ms)
			AwakeInstancesAfterBackupRestoration (0ms)
Platform modules already initialized, skipping
Registering precompiled user dll's ...
Registered in 0.003819 seconds.
Begin MonoManager ReloadAssembly
Native extension for UWP target not found
Native extension for LinuxStandalone target not found
Native extension for WindowsStandalone target not found
Native extension for Android target not found
Refreshing native plugins compatible for Editor in 117.08 ms, found 4 plugins.
Preloading 0 native plugins for Editor in 0.00 ms.
Mono: successfully reloaded assembly
- Completed reload, in  1.700 seconds
Domain Reload Profiling:
	ReloadAssembly (1701ms)
		BeginReloadAssembly (154ms)
			ExecutionOrderSort (0ms)
			DisableScriptedObjects (11ms)
			BackupInstance (0ms)
			ReleaseScriptingObjects (0ms)
			CreateAndSetChildDomain (20ms)
		EndReloadAssembly (1409ms)
			LoadAssemblies (118ms)
			RebuildTransferFunctionScriptingTraits (0ms)
			SetupTypeCache (258ms)
			ReleaseScriptCaches (1ms)
			RebuildScriptCaches (65ms)
			SetupLoadedEditorAssemblies (872ms)
				LogAssemblyErrors (0ms)
				InitializePlatformSupportModulesInManaged (31ms)
				SetLoadedEditorAssemblies (0ms)
				RefreshPlugins (117ms)
				BeforeProcessingInitializeOnLoad (123ms)
				ProcessInitializeOnLoadAttributes (456ms)
				ProcessInitializeOnLoadMethodAttributes (137ms)
				AfterProcessingInitializeOnLoad (7ms)
				EditorAssembliesLoaded (0ms)
			ExecutionOrderSort2 (0ms)
			AwakeInstancesAfterBackupRestoration (7ms)
Platform modules already initialized, skipping
========================================================================
Worker process is ready to serve import requests
Launched and connected shader compiler UnityShaderCompiler.exe after 0.04 seconds
Refreshing native plugins compatible for Editor in 1.00 ms, found 4 plugins.
Preloading 0 native plugins for Editor in 0.00 ms.
Unloading 5541 Unused Serialized files (Serialized files now loaded: 0)
Unloading 58 unused Assets / (1.3 MB). Loaded Objects now: 5984.
Memory consumption went from 218.1 MB to 216.8 MB.
Total: 5.606369 ms (FindLiveObjects: 0.507187 ms CreateObjectMapping: 0.158679 ms MarkObjects: 4.394623 ms  DeleteObjects: 0.535124 ms)

AssetImportParameters requested are different than current active one (requested -> active):
  custom:video-decoder-ogg-theora: a1e56fd34408186e4bbccfd4996cb3dc -> 
  custom:container-muxer-webm: aa71ff27fc2769a1b78a27578f13a17b -> 
  custom:container-demuxer-webm: 4f35f7cbe854078d1ac9338744f61a02 -> 
  custom:video-encoder-webm-vp8: eb34c28f22e8b96e1ab97ce403110664 -> 
  custom:audio-encoder-webm-vorbis: bf7c407c2cedff20999df2af8eb42d56 -> 
  custom:framework-win-MediaFoundation: 216162199b28c13a410421893ffa2e32 -> 
  custom:container-demuxer-ogg: 62fdf1f143b41e24485cea50d1cbac27 -> 
  custom:video-decoder-webm-vp8: 9c59270c3fd7afecdb556c50c9e8de78 -> 
  custom:audio-decoder-ogg-vorbis: bf7c407c2cedff20999df2af8eb42d56 -> 
========================================================================
Received Import Request.
  Time since last request: 289970.610585 seconds.
  path: Assets/Icons/PhotCalcIcon_Sprites_81x.png
  artifactKey: Guid(faf515e7454180d4b82c63ab72696b54) Importer(815301076,1909f56bfc062723c751e8b465ee728b)
Start importing Assets/Icons/PhotCalcIcon_Sprites_81x.png using Guid(faf515e7454180d4b82c63ab72696b54) Importer(815301076,1909f56bfc062723c751e8b465ee728b)  -> (artifact id: 'a5b5afad2a1d09c0dc038758aa9a3a2d') in 0.127038 seconds 
========================================================================
Received Import Request.
  Time since last request: 17.709763 seconds.
  path: Assets/Icons/PhotCalcIcon_Sprites_432x.png
  artifactKey: Guid(a0c2fe360f337dd449d9fb6f6a417f75) Importer(815301076,1909f56bfc062723c751e8b465ee728b)
Start importing Assets/Icons/PhotCalcIcon_Sprites_432x.png using Guid(a0c2fe360f337dd449d9fb6f6a417f75) Importer(815301076,1909f56bfc062723c751e8b465ee728b)  -> (artifact id: '9b6b5b1122ea58b35a1568d7b7508c15') in 0.022210 seconds 
========================================================================
Received Import Request.
  Time since last request: 11.975786 seconds.
  path: Assets/Icons/PhotCalcIcon_Sprites_324x.png
  artifactKey: Guid(03e4f0d560eba2545b661103eeec055a) Importer(815301076,1909f56bfc062723c751e8b465ee728b)
Start importing Assets/Icons/PhotCalcIcon_Sprites_324x.png using Guid(03e4f0d560eba2545b661103eeec055a) Importer(815301076,1909f56bfc062723c751e8b465ee728b)  -> (artifact id: '908b9087f2b8989339716789309af6e3') in 0.014446 seconds 
========================================================================
Received Import Request.
  Time since last request: 5.275522 seconds.
  path: Assets/Icons/PhotCalcIcon_Sprites_216x.png
  artifactKey: Guid(4bc8a1c51bae54844b8619c3a9873d18) Importer(815301076,1909f56bfc062723c751e8b465ee728b)
Start importing Assets/Icons/PhotCalcIcon_Sprites_216x.png using Guid(4bc8a1c51bae54844b8619c3a9873d18) Importer(815301076,1909f56bfc062723c751e8b465ee728b)  -> (artifact id: 'eea820a5893dc9b10d1efe9f200dd1eb') in 0.120366 seconds 
========================================================================
Received Import Request.
  Time since last request: 6.177517 seconds.
  path: Assets/Icons/PhotCalcIcon_Sprites_162x.png
  artifactKey: Guid(78841c211e0900149b541bb2affaf3ae) Importer(815301076,1909f56bfc062723c751e8b465ee728b)
Start importing Assets/Icons/PhotCalcIcon_Sprites_162x.png using Guid(78841c211e0900149b541bb2affaf3ae) Importer(815301076,1909f56bfc062723c751e8b465ee728b)  -> (artifact id: '3d056bcb218d13049a4f6c13eb6faaf1') in 0.133093 seconds 
========================================================================
Received Import Request.
  Time since last request: 3.067630 seconds.
  path: Assets/Icons/PhotCalcIcon_Sprites_108x.png
  artifactKey: Guid(7ba8156951cb4884ebec7f789e5e43db) Importer(815301076,1909f56bfc062723c751e8b465ee728b)
Start importing Assets/Icons/PhotCalcIcon_Sprites_108x.png using Guid(7ba8156951cb4884ebec7f789e5e43db) Importer(815301076,1909f56bfc062723c751e8b465ee728b)  -> (artifact id: '7cf62bc7cbdaac0b7453bc71dcc67acc') in 0.012657 seconds 
========================================================================
Received Import Request.
  Time since last request: 3.393196 seconds.
  path: Assets/Icons/PhotCalcIcon_Sprites_81x.png
  artifactKey: Guid(faf515e7454180d4b82c63ab72696b54) Importer(815301076,1909f56bfc062723c751e8b465ee728b)
Start importing Assets/Icons/PhotCalcIcon_Sprites_81x.png using Guid(faf515e7454180d4b82c63ab72696b54) Importer(815301076,1909f56bfc062723c751e8b465ee728b)  -> (artifact id: '3b51a2e5e5c19e271b84a19b26053ffe') in 0.011093 seconds 
========================================================================
Received Prepare
Refreshing native plugins compatible for Editor in 3.73 ms, found 4 plugins.
Preloading 0 native plugins for Editor in 0.00 ms.
Unloading 43 Unused Serialized files (Serialized files now loaded: 0)
Unloading 43 unused Assets / (1.2 MB). Loaded Objects now: 6004.
Memory consumption went from 105.2 MB to 104.0 MB.
Total: 4.404889 ms (FindLiveObjects: 0.460673 ms CreateObjectMapping: 0.146178 ms MarkObjects: 3.304261 ms  DeleteObjects: 0.488121 ms)

AssetImportParameters requested are different than current active one (requested -> active):
  custom:video-decoder-ogg-theora: a1e56fd34408186e4bbccfd4996cb3dc -> 
  custom:container-muxer-webm: aa71ff27fc2769a1b78a27578f13a17b -> 
  custom:container-demuxer-webm: 4f35f7cbe854078d1ac9338744f61a02 -> 
  custom:video-encoder-webm-vp8: eb34c28f22e8b96e1ab97ce403110664 -> 
  custom:audio-encoder-webm-vorbis: bf7c407c2cedff20999df2af8eb42d56 -> 
  custom:framework-win-MediaFoundation: 216162199b28c13a410421893ffa2e32 -> 
  custom:container-demuxer-ogg: 62fdf1f143b41e24485cea50d1cbac27 -> 
  custom:video-decoder-webm-vp8: 9c59270c3fd7afecdb556c50c9e8de78 -> 
  custom:audio-decoder-ogg-vorbis: bf7c407c2cedff20999df2af8eb42d56 -> 
